G:\GITHUBPROJECT\ACMENGRAPHIC\ACMENENGINE\DIRECTX11SAMPLE\DEBUG\DIRECTXBASE.OBJ
G:\GITHUBPROJECT\ACMENGRAPHIC\ACMENENGINE\DIRECTX11SAMPLE\DEBUG\DIRECTXINIT.OBJ
G:\GITHUBPROJECT\ACMENGRAPHIC\ACMENENGINE\DIRECTX11SAMPLE\DEBUG\MAINWINDOWS.OBJ
G:\GITHUBPROJECT\ACMENGRAPHIC\ACMENENGINE\DIRECTX11SAMPLE\DEBUG\WINMAIN.OBJ
G:\GITHUBPROJECT\ACMENGRAPHIC\ACMENENGINE\DIRECTX11SAMPLE\DEBUG\VC110.PDB
G:\GitHubProject\AcmenGraphic\AcmenEngine\Directx11Sample\Debug\DirectXBase.obj
G:\GitHubProject\AcmenGraphic\AcmenEngine\Directx11Sample\Debug\DirectXInit.obj
G:\GitHubProject\AcmenGraphic\AcmenEngine\Directx11Sample\Debug\MainWindows.obj
G:\GitHubProject\AcmenGraphic\AcmenEngine\Directx11Sample\Debug\WinMain.obj
G:\GitHubProject\AcmenGraphic\AcmenEngine\Directx11Sample\Debug\cl.command.1.tlog
G:\GitHubProject\AcmenGraphic\AcmenEngine\Directx11Sample\Debug\CL.read.1.tlog
G:\GitHubProject\AcmenGraphic\AcmenEngine\Directx11Sample\Debug\CL.write.1.tlog
G:\GitHubProject\AcmenGraphic\AcmenEngine\Directx11Sample\Debug\link-cvtres.read.1.tlog
G:\GitHubProject\AcmenGraphic\AcmenEngine\Directx11Sample\Debug\link-cvtres.write.1.tlog
G:\GitHubProject\AcmenGraphic\AcmenEngine\Directx11Sample\Debug\link-rc.read.1.tlog
G:\GitHubProject\AcmenGraphic\AcmenEngine\Directx11Sample\Debug\link-rc.write.1.tlog
G:\GitHubProject\AcmenGraphic\AcmenEngine\Directx11Sample\Debug\link.command.1.tlog
G:\GitHubProject\AcmenGraphic\AcmenEngine\Directx11Sample\Debug\link.read.1.tlog
G:\GitHubProject\AcmenGraphic\AcmenEngine\Directx11Sample\Debug\link.write.1.tlog
G:\GitHubProject\AcmenGraphic\AcmenEngine\Directx11Sample\Debug\vc110.idb
G:\GitHubProject\AcmenGraphic\AcmenEngine\Directx11Sample\Debug\vc110.pdb
G:\GitHubProject\AcmenGraphic\AcmenEngine\Project\Debug\Directx11Sample.pdb
